<?xml version="1.0" encoding="utf-8"?><testsuites name="pytest tests"><testsuite name="pytest" errors="0" failures="0" skipped="0" tests="23" time="1.775" timestamp="2026-01-31T21:24:11.884050+00:00" hostname="agent-env-31a5935b-8ad7-49bd-98b4-c91ab4ae56a9"><testcase classname="backend.tests.test_thrryv_api.TestHealthAndBasics" name="test_api_claims_endpoint_accessible" time="0.094" /><testcase classname="backend.tests.test_thrryv_api.TestAuthentication" name="test_register_new_user" time="0.257" /><testcase classname="backend.tests.test_thrryv_api.TestAuthentication" name="test_register_duplicate_email_fails" time="0.040" /><testcase classname="backend.tests.test_thrryv_api.TestAuthentication" name="test_login_success" time="0.257" /><testcase classname="backend.tests.test_thrryv_api.TestAuthentication" name="test_login_invalid_credentials" time="0.261" /><testcase classname="backend.tests.test_thrryv_api.TestAuthentication" name="test_get_current_user" time="0.035" /><testcase classname="backend.tests.test_thrryv_api.TestClaims" name="test_create_claim" time="0.040" /><testcase classname="backend.tests.test_thrryv_api.TestClaims" name="test_get_claims_list" time="0.047" /><testcase classname="backend.tests.test_thrryv_api.TestClaims" name="test_get_single_claim" time="0.074" /><testcase classname="backend.tests.test_thrryv_api.TestClaims" name="test_get_nonexistent_claim" time="0.039" /><testcase classname="backend.tests.test_thrryv_api.TestClaims" name="test_create_claim_without_auth_fails" time="0.033" /><testcase classname="backend.tests.test_thrryv_api.TestAnnotations" name="test_create_support_annotation" time="0.043" /><testcase classname="backend.tests.test_thrryv_api.TestAnnotations" name="test_create_contradict_annotation" time="0.036" /><testcase classname="backend.tests.test_thrryv_api.TestAnnotations" name="test_create_context_annotation" time="0.037" /><testcase classname="backend.tests.test_thrryv_api.TestAnnotations" name="test_get_annotations_for_claim" time="0.034" /><testcase classname="backend.tests.test_thrryv_api.TestAnnotations" name="test_create_annotation_without_auth_fails" time="0.032" /><testcase classname="backend.tests.test_thrryv_api.TestVoting" name="test_vote_helpful" time="0.046" /><testcase classname="backend.tests.test_thrryv_api.TestVoting" name="test_vote_without_auth_fails" time="0.039" /><testcase classname="backend.tests.test_thrryv_api.TestUserProfile" name="test_get_user_profile" time="0.035" /><testcase classname="backend.tests.test_thrryv_api.TestUserProfile" name="test_get_nonexistent_user" time="0.031" /><testcase classname="backend.tests.test_thrryv_api.TestUserSettings" name="test_update_username" time="0.111" /><testcase classname="backend.tests.test_thrryv_api.TestAIFactChecking" name="test_false_claim_detection" time="0.036" /><testcase classname="backend.tests.test_thrryv_api.TestAIFactChecking" name="test_domain_classification" time="0.034" /></testsuite></testsuites>